2025-12-01 01:10:09,653 - INFO - Evaluating BEFORE training...
2025-12-01 01:11:00,420 - INFO - Accuracy before training: 0.6850
2025-12-01 01:11:00,422 - INFO - ====== Epoch 1/2 ======
2025-12-01 01:11:45,916 - INFO - [step 25] loss=0.8213 | KL=0.7185
2025-12-01 01:12:31,341 - INFO - [step 50] loss=0.4351 | KL=0.7042
2025-12-01 01:13:16,757 - INFO - [step 75] loss=0.2292 | KL=0.7461
2025-12-01 01:14:02,158 - INFO - [step 100] loss=0.1740 | KL=1.4090
2025-12-01 01:14:47,536 - INFO - [step 125] loss=0.7423 | KL=0.9990
2025-12-01 01:15:32,920 - INFO - [step 150] loss=2.3771 | KL=1.3489
2025-12-01 01:16:18,286 - INFO - [step 175] loss=0.0000 | KL=1.5211
2025-12-01 01:17:03,661 - INFO - [step 200] loss=0.0000 | KL=0.7695
2025-12-01 01:17:49,024 - INFO - [step 225] loss=1.5769 | KL=1.3764
2025-12-01 01:18:34,394 - INFO - [step 250] loss=0.0826 | KL=1.3533
2025-12-01 01:19:19,648 - INFO - [step 275] loss=0.0210 | KL=1.2079
2025-12-01 01:20:05,032 - INFO - [step 300] loss=0.0009 | KL=0.9474
2025-12-01 01:20:50,395 - INFO - [step 325] loss=0.0094 | KL=1.0180
2025-12-01 01:21:35,740 - INFO - [step 350] loss=0.1547 | KL=0.9191
2025-12-01 01:22:21,031 - INFO - [step 375] loss=0.0000 | KL=1.5737
2025-12-01 01:23:06,309 - INFO - [step 400] loss=0.0021 | KL=2.3420
2025-12-01 01:23:51,655 - INFO - [step 425] loss=0.0000 | KL=1.7011
2025-12-01 01:24:36,936 - INFO - [step 450] loss=0.0159 | KL=1.5721
2025-12-01 01:25:22,274 - INFO - [step 475] loss=0.0074 | KL=1.6851
2025-12-01 01:26:07,527 - INFO - [step 500] loss=6.5692 | KL=1.9274
2025-12-01 01:26:52,856 - INFO - [step 525] loss=-0.0000 | KL=1.7483
2025-12-01 01:27:38,055 - INFO - [step 550] loss=0.1221 | KL=1.2122
2025-12-01 01:28:23,348 - INFO - [step 575] loss=0.0000 | KL=1.4465
2025-12-01 01:29:08,484 - INFO - [step 600] loss=0.0328 | KL=1.3280
2025-12-01 01:29:53,673 - INFO - [step 625] loss=0.0100 | KL=1.5012
2025-12-01 01:30:38,915 - INFO - [step 650] loss=0.0000 | KL=1.7471
2025-12-01 01:31:24,203 - INFO - [step 675] loss=0.0165 | KL=1.4965
2025-12-01 01:32:09,429 - INFO - [step 700] loss=0.0009 | KL=1.3296
2025-12-01 01:32:54,576 - INFO - [step 725] loss=0.0000 | KL=1.0664
2025-12-01 01:33:39,730 - INFO - [step 750] loss=0.0001 | KL=1.1964
2025-12-01 01:34:24,843 - INFO - [step 775] loss=-0.0000 | KL=1.2873
2025-12-01 01:35:10,092 - INFO - [step 800] loss=0.0000 | KL=1.3095
2025-12-01 01:35:55,401 - INFO - [step 825] loss=0.3417 | KL=1.0264
2025-12-01 01:36:40,634 - INFO - [step 850] loss=0.5645 | KL=1.3684
2025-12-01 01:37:25,896 - INFO - [step 875] loss=0.1724 | KL=1.3532
2025-12-01 01:38:11,157 - INFO - [step 900] loss=-0.0000 | KL=2.4185
2025-12-01 01:39:04,405 - INFO - Accuracy after 1 epochs: 0.8550
2025-12-01 01:39:04,405 - INFO - ====== Epoch 2/2 ======
2025-12-01 01:39:49,206 - INFO - [step 925] loss=-0.0000 | KL=1.3892
2025-12-01 01:40:33,977 - INFO - [step 950] loss=-0.0000 | KL=2.1797
2025-12-01 01:41:18,739 - INFO - [step 975] loss=-0.0000 | KL=1.4978
2025-12-01 01:42:03,469 - INFO - [step 1000] loss=-0.0000 | KL=1.8753
2025-12-01 01:42:48,197 - INFO - [step 1025] loss=0.0000 | KL=1.7205
2025-12-01 01:43:32,870 - INFO - [step 1050] loss=0.0009 | KL=1.3641
2025-12-01 01:44:17,630 - INFO - [step 1075] loss=0.0494 | KL=2.8228
2025-12-01 01:45:02,440 - INFO - [step 1100] loss=0.0000 | KL=1.9757
2025-12-01 01:45:47,167 - INFO - [step 1125] loss=-0.0000 | KL=1.4692
2025-12-01 01:46:31,820 - INFO - [step 1150] loss=-0.0000 | KL=2.3892
2025-12-01 01:47:16,533 - INFO - [step 1175] loss=0.0000 | KL=1.8982
2025-12-01 01:48:01,327 - INFO - [step 1200] loss=0.0000 | KL=1.4349
2025-12-01 01:48:46,155 - INFO - [step 1225] loss=-0.0000 | KL=2.7772
2025-12-01 01:49:30,787 - INFO - [step 1250] loss=0.0000 | KL=1.4211
2025-12-01 01:50:15,564 - INFO - [step 1275] loss=-0.0000 | KL=1.7281
2025-12-01 01:51:00,240 - INFO - [step 1300] loss=0.0000 | KL=1.5690
2025-12-01 01:51:45,052 - INFO - [step 1325] loss=0.0000 | KL=1.4563
2025-12-01 01:52:29,866 - INFO - [step 1350] loss=-0.0000 | KL=2.2129
2025-12-01 01:53:14,573 - INFO - [step 1375] loss=0.0001 | KL=1.7861
2025-12-01 01:53:59,287 - INFO - [step 1400] loss=0.0000 | KL=1.5380
2025-12-01 01:54:43,926 - INFO - [step 1425] loss=-0.0000 | KL=1.8514
2025-12-01 01:55:28,626 - INFO - [step 1450] loss=-0.0000 | KL=1.6125
2025-12-01 01:56:13,333 - INFO - [step 1475] loss=-0.0000 | KL=2.4488
2025-12-01 01:56:57,998 - INFO - [step 1500] loss=0.0000 | KL=1.7748
2025-12-01 01:57:42,636 - INFO - [step 1525] loss=-0.0000 | KL=1.3139
2025-12-01 01:58:27,512 - INFO - [step 1550] loss=-0.0000 | KL=1.3647
2025-12-01 01:59:12,167 - INFO - [step 1575] loss=-0.0000 | KL=1.5786
2025-12-01 01:59:56,941 - INFO - [step 1600] loss=-0.0000 | KL=3.2427
2025-12-01 02:00:41,697 - INFO - [step 1625] loss=0.0000 | KL=1.6628
2025-12-01 02:01:26,464 - INFO - [step 1650] loss=0.0000 | KL=2.2431
2025-12-01 02:02:11,218 - INFO - [step 1675] loss=-0.0000 | KL=2.1981
2025-12-01 02:02:56,020 - INFO - [step 1700] loss=0.0000 | KL=1.7584
2025-12-01 02:03:40,815 - INFO - [step 1725] loss=0.0000 | KL=2.3727
2025-12-01 02:04:25,546 - INFO - [step 1750] loss=0.0000 | KL=2.1486
2025-12-01 02:05:10,328 - INFO - [step 1775] loss=9.7116 | KL=1.8307
2025-12-01 02:05:55,053 - INFO - [step 1800] loss=0.0000 | KL=1.2294
2025-12-01 02:06:48,345 - INFO - Accuracy after 2 epochs: 0.8650
2025-12-01 02:06:48,345 - INFO - Accuracy improvement:
2025-12-01 02:06:48,345 - INFO - Δ accuracy = 0.1800
